[2015-12-08 18:16:56] local.ERROR: exception 'ReflectionException' with message 'Class role does not exist' in /Applications/XAMPP/xamppfiles/htdocs/quickadmin1/vendor/laravel/framework/src/Illuminate/Container/Container.php:737
Stack trace:
#0 /Applications/XAMPP/xamppfiles/htdocs/quickadmin1/vendor/laravel/framework/src/Illuminate/Container/Container.php(737): ReflectionClass->__construct('role')
#1 /Applications/XAMPP/xamppfiles/htdocs/quickadmin1/vendor/laravel/framework/src/Illuminate/Container/Container.php(627): Illuminate\Container\Container->build('role', Array)
#2 /Applications/XAMPP/xamppfiles/htdocs/quickadmin1/vendor/laravel/framework/src/Illuminate/Foundation/Application.php(674): Illuminate\Container\Container->make('role', Array)
#3 /Applications/XAMPP/xamppfiles/htdocs/quickadmin1/vendor/laravel/framework/src/Illuminate/Pipeline/Pipeline.php(123): Illuminate\Foundation\Application->make('role')
#4 /Applications/XAMPP/xamppfiles/htdocs/quickadmin1/app/Http/Middleware/Authenticate.php(45): Illuminate\Pipeline\Pipeline->Illuminate\Pipeline\{closure}(Object(Illuminate\Http\Request))
#5 [internal function]: App\Http\Middleware\Authenticate->handle(Object(Illuminate\Http\Request), Object(Closure))
#6 /Applications/XAMPP/xamppfiles/htdocs/quickadmin1/vendor/laravel/framework/src/Illuminate/Pipeline/Pipeline.php(124): call_user_func_array(Array, Array)
#7 [internal function]: Illuminate\Pipeline\Pipeline->Illuminate\Pipeline\{closure}(Object(Illuminate\Http\Request))
#8 /Applications/XAMPP/xamppfiles/htdocs/quickadmin1/vendor/laravel/framework/src/Illuminate/Pipeline/Pipeline.php(103): call_user_func(Object(Closure), Object(Illuminate\Http\Request))
#9 /Applications/XAMPP/xamppfiles/htdocs/quickadmin1/vendor/laravel/framework/src/Illuminate/Routing/Router.php(710): Illuminate\Pipeline\Pipeline->then(Object(Closure))
#10 /Applications/XAMPP/xamppfiles/htdocs/quickadmin1/vendor/laravel/framework/src/Illuminate/Routing/Router.php(675): Illuminate\Routing\Router->runRouteWithinStack(Object(Illuminate\Routing\Route), Object(Illuminate\Http\Request))
#11 /Applications/XAMPP/xamppfiles/htdocs/quickadmin1/vendor/laravel/framework/src/Illuminate/Routing/Router.php(635): Illuminate\Routing\Router->dispatchToRoute(Object(Illuminate\Http\Request))
#12 /Applications/XAMPP/xamppfiles/htdocs/quickadmin1/vendor/laravel/framework/src/Illuminate/Foundation/Http/Kernel.php(236): Illuminate\Routing\Router->dispatch(Object(Illuminate\Http\Request))
#13 [internal function]: Illuminate\Foundation\Http\Kernel->Illuminate\Foundation\Http\{closure}(Object(Illuminate\Http\Request))
#14 /Applications/XAMPP/xamppfiles/htdocs/quickadmin1/vendor/laravel/framework/src/Illuminate/Pipeline/Pipeline.php(139): call_user_func(Object(Closure), Object(Illuminate\Http\Request))
#15 /Applications/XAMPP/xamppfiles/htdocs/quickadmin1/vendor/laravel/framework/src/Illuminate/Foundation/Http/Middleware/VerifyCsrfToken.php(50): Illuminate\Pipeline\Pipeline->Illuminate\Pipeline\{closure}(Object(Illuminate\Http\Request))
#16 [internal function]: Illuminate\Foundation\Http\Middleware\VerifyCsrfToken->handle(Object(Illuminate\Http\Request), Object(Closure))
#17 /Applications/XAMPP/xamppfiles/htdocs/quickadmin1/vendor/laravel/framework/src/Illuminate/Pipeline/Pipeline.php(124): call_user_func_array(Array, Array)
#18 /Applications/XAMPP/xamppfiles/htdocs/quickadmin1/vendor/laravel/framework/src/Illuminate/View/Middleware/ShareErrorsFromSession.php(49): Illuminate\Pipeline\Pipeline->Illuminate\Pipeline\{closure}(Object(Illuminate\Http\Request))
#19 [internal function]: Illuminate\View\Middleware\ShareErrorsFromSession->handle(Object(Illuminate\Http\Request), Object(Closure))
#20 /Applications/XAMPP/xamppfiles/htdocs/quickadmin1/vendor/laravel/framework/src/Illuminate/Pipeline/Pipeline.php(124): call_user_func_array(Array, Array)
#21 /Applications/XAMPP/xamppfiles/htdocs/quickadmin1/vendor/laravel/framework/src/Illuminate/Session/Middleware/StartSession.php(62): Illuminate\Pipeline\Pipeline->Illuminate\Pipeline\{closure}(Object(Illuminate\Http\Request))
#22 [internal function]: Illuminate\Session\Middleware\StartSession->handle(Object(Illuminate\Http\Request), Object(Closure))
#23 /Applications/XAMPP/xamppfiles/htdocs/quickadmin1/vendor/laravel/framework/src/Illuminate/Pipeline/Pipeline.php(124): call_user_func_array(Array, Array)
#24 /Applications/XAMPP/xamppfiles/htdocs/quickadmin1/vendor/laravel/framework/src/Illuminate/Cookie/Middleware/AddQueuedCookiesToResponse.php(37): Illuminate\Pipeline\Pipeline->Illuminate\Pipeline\{closure}(Object(Illuminate\Http\Request))
#25 [internal function]: Illuminate\Cookie\Middleware\AddQueuedCookiesToResponse->handle(Object(Illuminate\Http\Request), Object(Closure))
#26 /Applications/XAMPP/xamppfiles/htdocs/quickadmin1/vendor/laravel/framework/src/Illuminate/Pipeline/Pipeline.php(124): call_user_func_array(Array, Array)
#27 /Applications/XAMPP/xamppfiles/htdocs/quickadmin1/vendor/laravel/framework/src/Illuminate/Cookie/Middleware/EncryptCookies.php(59): Illuminate\Pipeline\Pipeline->Illuminate\Pipeline\{closure}(Object(Illuminate\Http\Request))
#28 [internal function]: Illuminate\Cookie\Middleware\EncryptCookies->handle(Object(Illuminate\Http\Request), Object(Closure))
#29 /Applications/XAMPP/xamppfiles/htdocs/quickadmin1/vendor/laravel/framework/src/Illuminate/Pipeline/Pipeline.php(124): call_user_func_array(Array, Array)
#30 /Applications/XAMPP/xamppfiles/htdocs/quickadmin1/vendor/laravel/framework/src/Illuminate/Foundation/Http/Middleware/CheckForMaintenanceMode.php(44): Illuminate\Pipeline\Pipeline->Illuminate\Pipeline\{closure}(Object(Illuminate\Http\Request))
#31 [internal function]: Illuminate\Foundation\Http\Middleware\CheckForMaintenanceMode->handle(Object(Illuminate\Http\Request), Object(Closure))
#32 /Applications/XAMPP/xamppfiles/htdocs/quickadmin1/vendor/laravel/framework/src/Illuminate/Pipeline/Pipeline.php(124): call_user_func_array(Array, Array)
#33 [internal function]: Illuminate\Pipeline\Pipeline->Illuminate\Pipeline\{closure}(Object(Illuminate\Http\Request))
#34 /Applications/XAMPP/xamppfiles/htdocs/quickadmin1/vendor/laravel/framework/src/Illuminate/Pipeline/Pipeline.php(103): call_user_func(Object(Closure), Object(Illuminate\Http\Request))
#35 /Applications/XAMPP/xamppfiles/htdocs/quickadmin1/vendor/laravel/framework/src/Illuminate/Foundation/Http/Kernel.php(122): Illuminate\Pipeline\Pipeline->then(Object(Closure))
#36 /Applications/XAMPP/xamppfiles/htdocs/quickadmin1/vendor/laravel/framework/src/Illuminate/Foundation/Http/Kernel.php(87): Illuminate\Foundation\Http\Kernel->sendRequestThroughRouter(Object(Illuminate\Http\Request))
#37 /Applications/XAMPP/xamppfiles/htdocs/quickadmin1/public/index.php(54): Illuminate\Foundation\Http\Kernel->handle(Object(Illuminate\Http\Request))
#38 {main}  
[2015-12-08 18:16:56] local.ERROR: exception 'ReflectionException' with message 'Class role does not exist' in /Applications/XAMPP/xamppfiles/htdocs/quickadmin1/vendor/laravel/framework/src/Illuminate/Container/Container.php:737
Stack trace:
#0 /Applications/XAMPP/xamppfiles/htdocs/quickadmin1/vendor/laravel/framework/src/Illuminate/Container/Container.php(737): ReflectionClass->__construct('role')
#1 /Applications/XAMPP/xamppfiles/htdocs/quickadmin1/vendor/laravel/framework/src/Illuminate/Container/Container.php(627): Illuminate\Container\Container->build('role', Array)
#2 /Applications/XAMPP/xamppfiles/htdocs/quickadmin1/vendor/laravel/framework/src/Illuminate/Foundation/Application.php(674): Illuminate\Container\Container->make('role', Array)
#3 /Applications/XAMPP/xamppfiles/htdocs/quickadmin1/vendor/laravel/framework/src/Illuminate/Foundation/Http/Kernel.php(142): Illuminate\Foundation\Application->make('role')
#4 /Applications/XAMPP/xamppfiles/htdocs/quickadmin1/public/index.php(58): Illuminate\Foundation\Http\Kernel->terminate(Object(Illuminate\Http\Request), Object(Illuminate\Http\Response))
#5 {main}  
